[debug] [2025-02-07T06:21:36.421Z] ----------------------------------------------------------------------
[debug] [2025-02-07T06:21:36.427Z] Command:       C:\Program Files\nodejs\node.exe C:\Users\micha\AppData\Roaming\npm\node_modules\firebase-tools\lib\bin\firebase.js init hosting:github
[debug] [2025-02-07T06:21:36.428Z] CLI Version:   13.30.0
[debug] [2025-02-07T06:21:36.428Z] Platform:      win32
[debug] [2025-02-07T06:21:36.428Z] Node Version:  v22.13.1
[debug] [2025-02-07T06:21:36.429Z] Time:          Thu Feb 06 2025 22:21:36 GMT-0800 (Pacific Standard Time)
[debug] [2025-02-07T06:21:36.429Z] ----------------------------------------------------------------------
[debug] 
[debug] [2025-02-07T06:21:36.825Z] > command requires scopes: ["email","openid","https://www.googleapis.com/auth/cloudplatformprojects.readonly","https://www.googleapis.com/auth/firebase","https://www.googleapis.com/auth/cloud-platform"]
[debug] [2025-02-07T06:21:36.825Z] > authorizing via signed-in user (michaelmirisciotta@gmail.com)
[info] 
     ######## #### ########  ######## ########     ###     ######  ########
     ##        ##  ##     ## ##       ##     ##  ##   ##  ##       ##
     ######    ##  ########  ######   ########  #########  ######  ######
     ##        ##  ##    ##  ##       ##     ## ##     ##       ## ##
     ##       #### ##     ## ######## ########  ##     ##  ######  ########

You're about to initialize a Firebase project in this directory:

  C:\Users\micha\OneDrive\Desktop\Firebase\Firebase_react_vehicle_maintenance_alert

Before we get started, keep in mind:

  * You are initializing within an existing Firebase project directory

